Start testing: Apr 25 19:37 BST
----------------------------------------------------------
1/2 Testing: NoArgs
1/2 Test: NoArgs
Command: "/home/sukrire/GitHub/PHAS0100Assignment2/build/bin/sfmTypesTest"
Directory: /home/sukrire/GitHub/PHAS0100Assignment2/build/Testing
"NoArgs" start time: Apr 25 19:37 BST
Output:
----------------------------------------------------------
===============================================================================
All tests passed (28 assertions in 7 test cases)

<end of output>
Test time =   0.00 sec
----------------------------------------------------------
Test Passed.
"NoArgs" end time: Apr 25 19:37 BST
"NoArgs" time elapsed: 00:00:00
----------------------------------------------------------

2/2 Testing: 1File
2/2 Test: 1File
Command: "/home/sukrire/GitHub/PHAS0100Assignment2/build/bin/sfmCommandLineArgsTest" "/home/sukrire/GitHub/PHAS0100Assignment2/Testing/Data/input.txt"
Directory: /home/sukrire/GitHub/PHAS0100Assignment2/build/Testing
"1File" start time: Apr 25 19:37 BST
Output:
----------------------------------------------------------
===============================================================================
All tests passed (1 assertion in 1 test case)

<end of output>
Test time =   0.00 sec
----------------------------------------------------------
Test Passed.
"1File" end time: Apr 25 19:37 BST
"1File" time elapsed: 00:00:00
----------------------------------------------------------

End testing: Apr 25 19:37 BST
